0 info it worked if it ends with ok
1 verbose cli [ 'C:\\Users\\Saul\\AppData\\Local\\.meteor\\packages\\meteor-tool\\1.4.2\\mt-os.windows.x86_32\\dev_bundle\\bin\\node.exe',
1 verbose cli   'C:\\Users\\Saul\\AppData\\Local\\.meteor\\packages\\meteor-tool\\1.4.2\\mt-os.windows.x86_32\\dev_bundle\\lib\\node_modules\\npm\\bin\\npm-cli.js',
1 verbose cli   'run',
1 verbose cli   'lint' ]
2 info using npm@3.10.9
3 info using node@v4.6.1
4 verbose run-script [ 'prelint', 'lint', 'postlint' ]
5 info lifecycle rutareact@1.0.0~prelint: rutareact@1.0.0
6 silly lifecycle rutareact@1.0.0~prelint: no script for prelint, continuing
7 info lifecycle rutareact@1.0.0~lint: rutareact@1.0.0
8 verbose lifecycle rutareact@1.0.0~lint: unsafe-perm in lifecycle true
9 verbose lifecycle rutareact@1.0.0~lint: PATH: C:\Users\Saul\AppData\Local\.meteor\packages\meteor-tool\1.4.2\mt-os.windows.x86_32\dev_bundle\lib\node_modules\npm\bin\node-gyp-bin;C:\Users\Saul\Documents\GitHub\RutaReact\node_modules\.bin;C:\Users\Saul\AppData\Local\.meteor\packages\meteor-tool\1.4.2\mt-os.windows.x86_32\dev_bundle\bin;C:\Users\Saul\AppData\Local\.meteor\packages\meteor-tool\1.4.2\mt-os.windows.x86_32\dev_bundle\lib\node_modules\.bin;C:\Program Files (x86)\Razer Chroma SDK\bin;C:\Program Files\Razer Chroma SDK\bin;C:\Windows\system32;C:\Windows;C:\Windows\System32\Wbem;C:\Windows\System32\WindowsPowerShell\v1.0\;C:\Program Files (x86)\NVIDIA Corporation\PhysX\Common;C:\Users\Administrator\AppData\Local\Microsoft\WindowsApps;C:\Program Files\nodejs\;C:\Program Files (x86)\Yarn\bin;C:\Users\Saul\AppData\Local\atom\bin;C:\Program Files\MongoDB\Server\3.4\bin;C:\Program Files (x86)\Yarn\bin;C:\Users\Saul\AppData\Local\.meteor;C:\Users\Saul\AppData\Roaming\npm\mup
10 verbose lifecycle rutareact@1.0.0~lint: CWD: C:\Users\Saul\Documents\GitHub\RutaReact
11 silly lifecycle rutareact@1.0.0~lint: Args: [ '/d /s /c', 'eslint .' ]
12 silly lifecycle rutareact@1.0.0~lint: Returned: code: 1  signal: null
13 info lifecycle rutareact@1.0.0~lint: Failed to exec lint script
14 verbose stack Error: rutareact@1.0.0 lint: `eslint .`
14 verbose stack Exit status 1
14 verbose stack     at EventEmitter.<anonymous> (C:\Users\Saul\AppData\Local\.meteor\packages\meteor-tool\1.4.2\mt-os.windows.x86_32\dev_bundle\lib\node_modules\npm\lib\utils\lifecycle.js:255:16)
14 verbose stack     at emitTwo (events.js:87:13)
14 verbose stack     at EventEmitter.emit (events.js:172:7)
14 verbose stack     at ChildProcess.<anonymous> (C:\Users\Saul\AppData\Local\.meteor\packages\meteor-tool\1.4.2\mt-os.windows.x86_32\dev_bundle\lib\node_modules\npm\lib\utils\spawn.js:40:14)
14 verbose stack     at emitTwo (events.js:87:13)
14 verbose stack     at ChildProcess.emit (events.js:172:7)
14 verbose stack     at maybeClose (internal/child_process.js:829:16)
14 verbose stack     at Process.ChildProcess._handle.onexit (internal/child_process.js:211:5)
15 verbose pkgid rutareact@1.0.0
16 verbose cwd C:\Users\Saul\Documents\GitHub\RutaReact
17 error Windows_NT 10.0.14393
18 error argv "C:\\Users\\Saul\\AppData\\Local\\.meteor\\packages\\meteor-tool\\1.4.2\\mt-os.windows.x86_32\\dev_bundle\\bin\\node.exe" "C:\\Users\\Saul\\AppData\\Local\\.meteor\\packages\\meteor-tool\\1.4.2\\mt-os.windows.x86_32\\dev_bundle\\lib\\node_modules\\npm\\bin\\npm-cli.js" "run" "lint"
19 error node v4.6.1
20 error npm  v3.10.9
21 error code ELIFECYCLE
22 error rutareact@1.0.0 lint: `eslint .`
22 error Exit status 1
23 error Failed at the rutareact@1.0.0 lint script 'eslint .'.
23 error Make sure you have the latest version of node.js and npm installed.
23 error If you do, this is most likely a problem with the rutareact package,
23 error not with npm itself.
23 error Tell the author that this fails on your system:
23 error     eslint .
23 error You can get information on how to open an issue for this project with:
23 error     npm bugs rutareact
23 error Or if that isn't available, you can get their info via:
23 error     npm owner ls rutareact
23 error There is likely additional logging output above.
24 verbose exit [ 1, true ]
